<?xml version="1.0" encoding="UTF-8"?>
<testsuite xmlns:xsi="http://www.w3.org/2001/XMLSchema-instance" xsi:noNamespaceSchemaLocation="https://maven.apache.org/surefire/maven-surefire-plugin/xsd/surefire-test-report.xsd" name="org.apache.fontbox.ttf.TestProzeGen_HorizontalMetricsTable_getLeftSideBearing_int_testPDFBox3379" time="0.014" tests="0" errors="0" skipped="0" failures="0">
  <properties>
    <property name="sun.desktop" value="gnome"/>
    <property name="awt.toolkit" value="sun.awt.X11.XToolkit"/>
    <property name="java.specification.version" value="11"/>
    <property name="sun.cpu.isalist" value=""/>
    <property name="sun.jnu.encoding" value="UTF-8"/>
    <property name="java.class.path" value="/home/dee/dev/fakir/proze-experiments/pdfbox/proze-tests/target/test-classes:/home/dee/dev/fakir/proze-experiments/pdfbox/proze-tests/target/classes:"/>
    <property name="java.vm.vendor" value="Amazon.com Inc."/>
    <property name="sun.arch.data.model" value="64"/>
    <property name="java.vendor.url" value="https://aws.amazon.com/corretto/"/>
    <property name="user.timezone" value=""/>
    <property name="java.vm.specification.version" value="11"/>
    <property name="os.name" value="Linux"/>
    <property name="sun.java.launcher" value="SUN_STANDARD"/>
    <property name="user.country" value="US"/>
    <property name="sun.boot.library.path" value="/home/dee/.sdkman/candidates/java/11.0.12.7.1-amzn/lib"/>
    <property name="sun.java.command" value="/home/dee/dev/fakir/proze-experiments/pdfbox/proze-tests/target/surefire/surefirebooter2890307926302257322.jar /home/dee/dev/fakir/proze-experiments/pdfbox/proze-tests/target/surefire 2024-03-29T19-33-25_484-jvmRun1 surefire7337108474709551503tmp surefire_04828908374068082940tmp"/>
    <property name="jdk.debug" value="release"/>
    <property name="test" value="TestProzeGen_HorizontalMetricsTable_getLeftSideBearing_int_testPDFBox3379"/>
    <property name="surefire.test.class.path" value="/home/dee/dev/fakir/proze-experiments/pdfbox/proze-tests/target/test-classes:/home/dee/dev/fakir/proze-experiments/pdfbox/proze-tests/target/classes:"/>
    <property name="sun.cpu.endian" value="little"/>
    <property name="user.home" value="/home/dee"/>
    <property name="user.language" value="en"/>
    <property name="java.specification.vendor" value="Oracle Corporation"/>
    <property name="java.version.date" value="2021-07-20"/>
    <property name="java.home" value="/home/dee/.sdkman/candidates/java/11.0.12.7.1-amzn"/>
    <property name="file.separator" value="/"/>
    <property name="basedir" value="/home/dee/dev/fakir/proze-experiments/pdfbox/proze-tests"/>
    <property name="java.vm.compressedOopsMode" value="Zero based"/>
    <property name="line.separator" value="&#10;"/>
    <property name="java.specification.name" value="Java Platform API Specification"/>
    <property name="java.vm.specification.vendor" value="Oracle Corporation"/>
    <property name="java.awt.graphicsenv" value="sun.awt.X11GraphicsEnvironment"/>
    <property name="surefire.real.class.path" value="/home/dee/dev/fakir/proze-experiments/pdfbox/proze-tests/target/surefire/surefirebooter2890307926302257322.jar"/>
    <property name="sun.management.compiler" value="HotSpot 64-Bit Tiered Compilers"/>
    <property name="java.runtime.version" value="11.0.12+7-LTS"/>
    <property name="user.name" value="dee"/>
    <property name="path.separator" value=":"/>
    <property name="os.version" value="6.5.0-18-generic"/>
    <property name="java.runtime.name" value="OpenJDK Runtime Environment"/>
    <property name="file.encoding" value="UTF-8"/>
    <property name="java.vm.name" value="OpenJDK 64-Bit Server VM"/>
    <property name="java.vendor.version" value="Corretto-11.0.12.7.1"/>
    <property name="localRepository" value="/home/dee/.m2/repository"/>
    <property name="java.vendor.url.bug" value="https://github.com/corretto/corretto-11/issues/"/>
    <property name="java.io.tmpdir" value="/tmp"/>
    <property name="java.version" value="11.0.12"/>
    <property name="user.dir" value="/home/dee/dev/fakir/proze-experiments/pdfbox/proze-tests"/>
    <property name="os.arch" value="amd64"/>
    <property name="java.vm.specification.name" value="Java Virtual Machine Specification"/>
    <property name="java.awt.printerjob" value="sun.print.PSPrinterJob"/>
    <property name="sun.os.patch.level" value="unknown"/>
    <property name="java.library.path" value="/usr/java/packages/lib:/usr/lib64:/lib64:/lib:/usr/lib"/>
    <property name="java.vm.info" value="mixed mode"/>
    <property name="java.vendor" value="Amazon.com Inc."/>
    <property name="java.vm.version" value="11.0.12+7-LTS"/>
    <property name="sun.io.unicode.encoding" value="UnicodeLittle"/>
    <property name="java.class.version" value="55.0"/>
  </properties>
</testsuite>